<?xml version="1.0" encoding="UTF-8"?>
<!-- Generated by org.testng.reporters.JUnitXMLReporter -->
<testsuite ignored="0" hostname="DESKTOP-0L5D1S3" failures="1" tests="53" name="Test" time="0.461" errors="0" timestamp="2023-03-05T07:51:05 IST">
  <testcase classname="Selenium.Demo2" name="createTestCase" time="0.017"/>
  <testcase classname="Selenium.Demo2" name="editTestCase" time="0.003"/>
  <testcase classname="Selenium.Demo2" name="deleteTestCase" time="0.001"/>
  <testcase classname="Selenium.Demo1" name="createTestCase" time="0.001"/>
  <testcase classname="Selenium.Demo1" name="deleteTestCase" time="0.004"/>
  <testcase classname="Selenium.Demo1" name="editTestCase" time="0.002"/>
  <testcase classname="Selenium.Demo4" name="createTestCase" time="0.007"/>
  <testcase classname="Selenium.Demo4" name="deleteTestCase" time="0.001"/>
  <testcase classname="Selenium.Demo4" name="editTestCase" time="0.002"/>
  <testcase classname="Selenium.Demo3" name="deleteTestCase" time="0.001"/>
  <testcase classname="Selenium.Demo3" name="editTestCase" time="0.003"/>
  <testcase classname="Selenium.Demo3" name="createTestCase" time="0.004"/>
  <testcase classname="Selenium.Demo6" name="createTestCase" time="0.002"/>
  <testcase classname="Selenium.Demo6" name="createTestCase" time="0.003"/>
  <testcase classname="Selenium.Demo6" name="createTestCase" time="0.002"/>
  <testcase classname="Selenium.Demo6" name="createTestCase" time="0.002"/>
  <testcase classname="Selenium.Demo6" name="createTestCase" time="0.0"/>
  <testcase classname="Selenium.Demo6" name="createTestCase" time="0.001"/>
  <testcase classname="Selenium.Demo6" name="createTestCase" time="0.002"/>
  <testcase classname="Selenium.Demo6" name="createTestCase" time="0.002"/>
  <testcase classname="Selenium.Demo6" name="createTestCase" time="0.002"/>
  <testcase classname="Selenium.Demo6" name="createTestCase" time="0.009"/>
  <testcase classname="Selenium.Demo6" name="deleteTestCase" time="0.001"/>
  <testcase classname="Selenium.Demo6" name="deleteTestCase" time="0.004"/>
  <testcase classname="Selenium.Demo6" name="deleteTestCase" time="0.002"/>
  <testcase classname="Selenium.Demo6" name="deleteTestCase" time="0.001"/>
  <testcase classname="Selenium.Demo6" name="deleteTestCase" time="0.002"/>
  <testcase classname="Selenium.Demo6" name="editTestCase" time="0.008"/>
  <testcase classname="Selenium.Demo6" name="editTestCase" time="0.003"/>
  <testcase classname="Selenium.Demo6" name="editTestCase" time="0.005"/>
  <testcase classname="Selenium.Demo6" name="editTestCase" time="0.001"/>
  <testcase classname="Selenium.Demo6" name="editTestCase" time="0.005"/>
  <testcase classname="Selenium.Demo6" name="editTestCase" time="0.001"/>
  <testcase classname="Selenium.Demo6" name="editTestCase" time="0.004"/>
  <testcase classname="Selenium.Demo6" name="editTestCase" time="0.011"/>
  <testcase classname="Selenium.Demo6" name="editTestCase" time="0.003"/>
  <testcase classname="Selenium.Demo6" name="editTestCase" time="0.003"/>
  <testcase classname="Selenium.Demo6" name="editTestCase" time="0.001"/>
  <testcase classname="Selenium.Demo6" name="editTestCase" time="0.002"/>
  <testcase classname="Selenium.Demo6" name="editTestCase" time="0.002"/>
  <testcase classname="Selenium.Demo6" name="editTestCase" time="0.001"/>
  <testcase classname="Selenium.Demo6" name="editTestCase" time="0.002"/>
  <testcase classname="Selenium.Demo6" name="editTestCase" time="0.008"/>
  <testcase classname="Selenium.Demo6" name="editTestCase" time="0.002"/>
  <testcase classname="Selenium.Demo6" name="editTestCase" time="0.006"/>
  <testcase classname="Selenium.Demo6" name="editTestCase" time="0.002"/>
  <testcase classname="Selenium.Demo6" name="editTestCase" time="0.001"/>
  <testcase classname="Selenium.Demo5" name="LcreateTestCase" time="0.012"/>
  <testcase classname="Selenium.Demo5" name="CeditTestCase" time="0.004">
    <failure type="java.lang.AssertionError" message="null">
      <![CDATA[java.lang.AssertionError: null
at Selenium.Demo5.CeditTestCase(Demo5.java:21)
at java.base/java.util.ArrayList.forEach(ArrayList.java:1511)
... Removed 27 stack frames]]>
    </failure>
  </testcase> <!-- CeditTestCase -->
  <testcase classname="Selenium.Demo5" name="SdeleteTestCase" time="0.0">
    <skipped/>
  </testcase> <!-- SdeleteTestCase -->
  <testcase classname="Selenium.Demo" name="AtestCase3" time="0.002"/>
  <testcase classname="Selenium.Demo" name="BtestCase2" time="0.002"/>
  <testcase classname="Selenium.Demo" name="CtestCase1" time="0.001"/>
</testsuite> <!-- Test -->
