<?xml version="1.0" encoding="UTF-8"?>
<!-- Generated by org.testng.reporters.JUnitReportReporter -->
<testsuite hostname="DESKTOP-0L5D1S3" failures="0" tests="35" name="Selenium.Demo6" time="0.106" errors="0" timestamp="2023-03-05T07:51:06 IST" skipped="0">
  <testcase classname="Selenium.Demo6" name="editTestCase" time="0.001"/>
  <system-out>
    <![CDATA[Edit]]>
  </system-out>
  <testcase classname="Selenium.Demo6" name="deleteTestCase" time="0.001"/>
  <system-out>
    <![CDATA[Delete]]>
  </system-out>
  <testcase classname="Selenium.Demo6" name="createTestCase" time="0.002"/>
  <system-out>
    <![CDATA[Create]]>
  </system-out>
  <testcase classname="Selenium.Demo6" name="editTestCase" time="0.011"/>
  <system-out>
    <![CDATA[Edit]]>
  </system-out>
  <testcase classname="Selenium.Demo6" name="createTestCase" time="0.003"/>
  <system-out>
    <![CDATA[Create]]>
  </system-out>
  <testcase classname="Selenium.Demo6" name="editTestCase" time="0.001"/>
  <system-out>
    <![CDATA[Edit]]>
  </system-out>
  <testcase classname="Selenium.Demo6" name="editTestCase" time="0.006"/>
  <system-out>
    <![CDATA[Edit]]>
  </system-out>
  <testcase classname="Selenium.Demo6" name="editTestCase" time="0.002"/>
  <system-out>
    <![CDATA[Edit]]>
  </system-out>
  <testcase classname="Selenium.Demo6" name="editTestCase" time="0.001"/>
  <system-out>
    <![CDATA[Edit]]>
  </system-out>
  <testcase classname="Selenium.Demo6" name="editTestCase" time="0.002"/>
  <system-out>
    <![CDATA[Edit]]>
  </system-out>
  <testcase classname="Selenium.Demo6" name="deleteTestCase" time="0.004"/>
  <system-out>
    <![CDATA[Delete]]>
  </system-out>
  <testcase classname="Selenium.Demo6" name="editTestCase" time="0.001"/>
  <system-out>
    <![CDATA[Edit]]>
  </system-out>
  <testcase classname="Selenium.Demo6" name="createTestCase" time="0.000"/>
  <system-out>
    <![CDATA[Create]]>
  </system-out>
  <testcase classname="Selenium.Demo6" name="deleteTestCase" time="0.001"/>
  <system-out>
    <![CDATA[Delete]]>
  </system-out>
  <testcase classname="Selenium.Demo6" name="createTestCase" time="0.002"/>
  <system-out>
    <![CDATA[Create]]>
  </system-out>
  <testcase classname="Selenium.Demo6" name="editTestCase" time="0.003"/>
  <system-out>
    <![CDATA[Edit]]>
  </system-out>
  <testcase classname="Selenium.Demo6" name="deleteTestCase" time="0.002"/>
  <system-out>
    <![CDATA[Delete]]>
  </system-out>
  <testcase classname="Selenium.Demo6" name="editTestCase" time="0.002"/>
  <system-out>
    <![CDATA[Edit]]>
  </system-out>
  <testcase classname="Selenium.Demo6" name="editTestCase" time="0.008"/>
  <system-out>
    <![CDATA[Edit]]>
  </system-out>
  <testcase classname="Selenium.Demo6" name="editTestCase" time="0.008"/>
  <system-out>
    <![CDATA[Edit]]>
  </system-out>
  <testcase classname="Selenium.Demo6" name="createTestCase" time="0.002"/>
  <system-out>
    <![CDATA[Create]]>
  </system-out>
  <testcase classname="Selenium.Demo6" name="createTestCase" time="0.002"/>
  <system-out>
    <![CDATA[Create]]>
  </system-out>
  <testcase classname="Selenium.Demo6" name="createTestCase" time="0.002"/>
  <system-out>
    <![CDATA[Create]]>
  </system-out>
  <testcase classname="Selenium.Demo6" name="editTestCase" time="0.005"/>
  <system-out>
    <![CDATA[Edit]]>
  </system-out>
  <testcase classname="Selenium.Demo6" name="createTestCase" time="0.009"/>
  <system-out>
    <![CDATA[Create]]>
  </system-out>
  <testcase classname="Selenium.Demo6" name="createTestCase" time="0.002"/>
  <system-out>
    <![CDATA[Create]]>
  </system-out>
  <testcase classname="Selenium.Demo6" name="editTestCase" time="0.002"/>
  <system-out>
    <![CDATA[Edit]]>
  </system-out>
  <testcase classname="Selenium.Demo6" name="createTestCase" time="0.001"/>
  <system-out>
    <![CDATA[Create]]>
  </system-out>
  <testcase classname="Selenium.Demo6" name="deleteTestCase" time="0.002"/>
  <system-out>
    <![CDATA[Delete]]>
  </system-out>
  <testcase classname="Selenium.Demo6" name="editTestCase" time="0.001"/>
  <system-out>
    <![CDATA[Edit]]>
  </system-out>
  <testcase classname="Selenium.Demo6" name="editTestCase" time="0.003"/>
  <system-out>
    <![CDATA[Edit]]>
  </system-out>
  <testcase classname="Selenium.Demo6" name="editTestCase" time="0.005"/>
  <system-out>
    <![CDATA[Edit]]>
  </system-out>
  <testcase classname="Selenium.Demo6" name="editTestCase" time="0.003"/>
  <system-out>
    <![CDATA[Edit]]>
  </system-out>
  <testcase classname="Selenium.Demo6" name="editTestCase" time="0.004"/>
  <system-out>
    <![CDATA[Edit]]>
  </system-out>
  <testcase classname="Selenium.Demo6" name="editTestCase" time="0.002"/>
  <system-out>
    <![CDATA[Edit]]>
  </system-out>
</testsuite> <!-- Selenium.Demo6 -->
