<?xml version="1.0" encoding="UTF-8"?>
<!-- Generated by org.testng.reporters.JUnitReportReporter -->
<testsuite hostname="DESKTOP-0L5D1S3" failures="0" tests="3" name="Selenium.Demo2" time="0.021" errors="0" timestamp="2023-03-05T07:51:06 IST" skipped="0">
  <testcase classname="Selenium.Demo2" name="createTestCase" time="0.017"/>
  <system-out>
    <![CDATA[Create]]>
  </system-out>
  <testcase classname="Selenium.Demo2" name="editTestCase" time="0.003"/>
  <system-out>
    <![CDATA[Edit]]>
  </system-out>
  <testcase classname="Selenium.Demo2" name="deleteTestCase" time="0.001"/>
  <system-out>
    <![CDATA[Delete]]>
  </system-out>
</testsuite> <!-- Selenium.Demo2 -->
