<?xml version="1.0" encoding="UTF-8"?>
<!-- Generated by org.testng.reporters.JUnitReportReporter -->
<testsuite hostname="DESKTOP-0L5D1S3" failures="0" tests="4" name="Selenium.Demo1" time="0.035" errors="0" timestamp="2023-03-05T08:02:27 IST" skipped="0">
  <testcase classname="Selenium.Demo1" name="deleteTestCase" time="0.018"/>
  <system-out>
    <![CDATA[Delete]]>
  </system-out>
  <testcase classname="Selenium.Demo1" name="editTestCase" time="0.008"/>
  <system-out>
    <![CDATA[Edit]]>
  </system-out>
  <testcase classname="Selenium.Demo1" name="createTestCase" time="0.004"/>
  <system-out>
    <![CDATA[Create]]>
  </system-out>
  <testcase classname="Selenium.Demo1" name="successTestCase" time="0.005"/>
  <system-out>
    <![CDATA[Success]]>
  </system-out>
</testsuite> <!-- Selenium.Demo1 -->
